[2024-09-21 20:07:52] local.ERROR: No application encryption key has been specified. {"exception":"[object] (Illuminate\\Encryption\\MissingAppKeyException(code: 0): No application encryption key has been specified. at C:\\projects\\My Projects\\MightyTaxiSourceCode\\Backend + Website Code\\Taxi realease\\vendor\\laravel\\framework\\src\\Illuminate\\Encryption\\EncryptionServiceProvider.php:101)
[stacktrace]
#0 C:\\projects\\My Projects\\MightyTaxiSourceCode\\Backend + Website Code\\Taxi realease\\vendor\\laravel\\framework\\src\\Illuminate\\Support\\helpers.php(263): Illuminate\\Encryption\\EncryptionServiceProvider->Illuminate\\Encryption\\{closure}('')
#1 C:\\projects\\My Projects\\MightyTaxiSourceCode\\Backend + Website Code\\Taxi realease\\vendor\\laravel\\framework\\src\\Illuminate\\Encryption\\EncryptionServiceProvider.php(103): tap('', Object(Closure))
#2 C:\\projects\\My Projects\\MightyTaxiSourceCode\\Backend + Website Code\\Taxi realease\\vendor\\laravel\\framework\\src\\Illuminate\\Encryption\\EncryptionServiceProvider.php(82): Illuminate\\Encryption\\EncryptionServiceProvider->key(Array)
#3 C:\\projects\\My Projects\\MightyTaxiSourceCode\\Backend + Website Code\\Taxi realease\\vendor\\laravel\\framework\\src\\Illuminate\\Encryption\\EncryptionServiceProvider.php(34): Illuminate\\Encryption\\EncryptionServiceProvider->parseKey(Array)
#4 C:\\projects\\My Projects\\MightyTaxiSourceCode\\Backend + Website Code\\Taxi realease\\vendor\\laravel\\framework\\src\\Illuminate\\Container\\Container.php(873): Illuminate\\Encryption\\EncryptionServiceProvider->Illuminate\\Encryption\\{closure}(Object(Illuminate\\Foundation\\Application), Array)
#5 C:\\projects\\My Projects\\MightyTaxiSourceCode\\Backend + Website Code\\Taxi realease\\vendor\\laravel\\framework\\src\\Illuminate\\Container\\Container.php(758): Illuminate\\Container\\Container->build(Object(Closure))
#6 C:\\projects\\My Projects\\MightyTaxiSourceCode\\Backend + Website Code\\Taxi realease\\vendor\\laravel\\framework\\src\\Illuminate\\Foundation\\Application.php(851): Illuminate\\Container\\Container->resolve('encrypter', Array, true)
#7 C:\\projects\\My Projects\\MightyTaxiSourceCode\\Backend + Website Code\\Taxi realease\\vendor\\laravel\\framework\\src\\Illuminate\\Container\\Container.php(694): Illuminate\\Foundation\\Application->resolve('encrypter', Array)
#8 C:\\projects\\My Projects\\MightyTaxiSourceCode\\Backend + Website Code\\Taxi realease\\vendor\\laravel\\framework\\src\\Illuminate\\Foundation\\Application.php(836): Illuminate\\Container\\Container->make('encrypter', Array)
#9 C:\\projects\\My Projects\\MightyTaxiSourceCode\\Backend + Website Code\\Taxi realease\\vendor\\laravel\\framework\\src\\Illuminate\\Container\\Container.php(1027): Illuminate\\Foundation\\Application->make('encrypter')
#10 C:\\projects\\My Projects\\MightyTaxiSourceCode\\Backend + Website Code\\Taxi realease\\vendor\\laravel\\framework\\src\\Illuminate\\Container\\Container.php(947): Illuminate\\Container\\Container->resolveClass(Object(ReflectionParameter))
#11 C:\\projects\\My Projects\\MightyTaxiSourceCode\\Backend + Website Code\\Taxi realease\\vendor\\laravel\\framework\\src\\Illuminate\\Container\\Container.php(908): Illuminate\\Container\\Container->resolveDependencies(Array)
#12 C:\\projects\\My Projects\\MightyTaxiSourceCode\\Backend + Website Code\\Taxi realease\\vendor\\laravel\\framework\\src\\Illuminate\\Container\\Container.php(758): Illuminate\\Container\\Container->build('App\\\\Http\\\\Middle...')
#13 C:\\projects\\My Projects\\MightyTaxiSourceCode\\Backend + Website Code\\Taxi realease\\vendor\\laravel\\framework\\src\\Illuminate\\Foundation\\Application.php(851): Illuminate\\Container\\Container->resolve('App\\\\Http\\\\Middle...', Array, true)
#14 C:\\projects\\My Projects\\MightyTaxiSourceCode\\Backend + Website Code\\Taxi realease\\vendor\\laravel\\framework\\src\\Illuminate\\Container\\Container.php(694): Illuminate\\Foundation\\Application->resolve('App\\\\Http\\\\Middle...', Array)
#15 C:\\projects\\My Projects\\MightyTaxiSourceCode\\Backend + Website Code\\Taxi realease\\vendor\\laravel\\framework\\src\\Illuminate\\Foundation\\Application.php(836): Illuminate\\Container\\Container->make('App\\\\Http\\\\Middle...', Array)
#16 C:\\projects\\My Projects\\MightyTaxiSourceCode\\Backend + Website Code\\Taxi realease\\vendor\\laravel\\framework\\src\\Illuminate\\Pipeline\\Pipeline.php(156): Illuminate\\Foundation\\Application->make('App\\\\Http\\\\Middle...')
#17 C:\\projects\\My Projects\\MightyTaxiSourceCode\\Backend + Website Code\\Taxi realease\\vendor\\laravel\\framework\\src\\Illuminate\\Pipeline\\Pipeline.php(103): Illuminate\\Pipeline\\Pipeline->Illuminate\\Pipeline\\{closure}(Object(Illuminate\\Http\\Request))
#18 C:\\projects\\My Projects\\MightyTaxiSourceCode\\Backend + Website Code\\Taxi realease\\vendor\\laravel\\framework\\src\\Illuminate\\Routing\\Router.php(723): Illuminate\\Pipeline\\Pipeline->then(Object(Closure))
#19 C:\\projects\\My Projects\\MightyTaxiSourceCode\\Backend + Website Code\\Taxi realease\\vendor\\laravel\\framework\\src\\Illuminate\\Routing\\Router.php(698): Illuminate\\Routing\\Router->runRouteWithinStack(Object(Illuminate\\Routing\\Route), Object(Illuminate\\Http\\Request))
#20 C:\\projects\\My Projects\\MightyTaxiSourceCode\\Backend + Website Code\\Taxi realease\\vendor\\laravel\\framework\\src\\Illuminate\\Routing\\Router.php(662): Illuminate\\Routing\\Router->runRoute(Object(Illuminate\\Http\\Request), Object(Illuminate\\Routing\\Route))
#21 C:\\projects\\My Projects\\MightyTaxiSourceCode\\Backend + Website Code\\Taxi realease\\vendor\\laravel\\framework\\src\\Illuminate\\Routing\\Router.php(651): Illuminate\\Routing\\Router->dispatchToRoute(Object(Illuminate\\Http\\Request))
#22 C:\\projects\\My Projects\\MightyTaxiSourceCode\\Backend + Website Code\\Taxi realease\\vendor\\laravel\\framework\\src\\Illuminate\\Foundation\\Http\\Kernel.php(167): Illuminate\\Routing\\Router->dispatch(Object(Illuminate\\Http\\Request))
#23 C:\\projects\\My Projects\\MightyTaxiSourceCode\\Backend + Website Code\\Taxi realease\\vendor\\laravel\\framework\\src\\Illuminate\\Pipeline\\Pipeline.php(128): Illuminate\\Foundation\\Http\\Kernel->Illuminate\\Foundation\\Http\\{closure}(Object(Illuminate\\Http\\Request))
#24 C:\\projects\\My Projects\\MightyTaxiSourceCode\\Backend + Website Code\\Taxi realease\\vendor\\laravel\\framework\\src\\Illuminate\\Foundation\\Http\\Middleware\\TransformsRequest.php(21): Illuminate\\Pipeline\\Pipeline->Illuminate\\Pipeline\\{closure}(Object(Illuminate\\Http\\Request))
#25 C:\\projects\\My Projects\\MightyTaxiSourceCode\\Backend + Website Code\\Taxi realease\\vendor\\laravel\\framework\\src\\Illuminate\\Foundation\\Http\\Middleware\\ConvertEmptyStringsToNull.php(31): Illuminate\\Foundation\\Http\\Middleware\\TransformsRequest->handle(Object(Illuminate\\Http\\Request), Object(Closure))
#26 C:\\projects\\My Projects\\MightyTaxiSourceCode\\Backend + Website Code\\Taxi realease\\vendor\\laravel\\framework\\src\\Illuminate\\Pipeline\\Pipeline.php(167): Illuminate\\Foundation\\Http\\Middleware\\ConvertEmptyStringsToNull->handle(Object(Illuminate\\Http\\Request), Object(Closure))
#27 C:\\projects\\My Projects\\MightyTaxiSourceCode\\Backend + Website Code\\Taxi realease\\vendor\\laravel\\framework\\src\\Illuminate\\Foundation\\Http\\Middleware\\TransformsRequest.php(21): Illuminate\\Pipeline\\Pipeline->Illuminate\\Pipeline\\{closure}(Object(Illuminate\\Http\\Request))
#28 C:\\projects\\My Projects\\MightyTaxiSourceCode\\Backend + Website Code\\Taxi realease\\vendor\\laravel\\framework\\src\\Illuminate\\Foundation\\Http\\Middleware\\TrimStrings.php(40): Illuminate\\Foundation\\Http\\Middleware\\TransformsRequest->handle(Object(Illuminate\\Http\\Request), Object(Closure))
#29 C:\\projects\\My Projects\\MightyTaxiSourceCode\\Backend + Website Code\\Taxi realease\\vendor\\laravel\\framework\\src\\Illuminate\\Pipeline\\Pipeline.php(167): Illuminate\\Foundation\\Http\\Middleware\\TrimStrings->handle(Object(Illuminate\\Http\\Request), Object(Closure))
#30 C:\\projects\\My Projects\\MightyTaxiSourceCode\\Backend + Website Code\\Taxi realease\\vendor\\laravel\\framework\\src\\Illuminate\\Foundation\\Http\\Middleware\\ValidatePostSize.php(27): Illuminate\\Pipeline\\Pipeline->Illuminate\\Pipeline\\{closure}(Object(Illuminate\\Http\\Request))
#31 C:\\projects\\My Projects\\MightyTaxiSourceCode\\Backend + Website Code\\Taxi realease\\vendor\\laravel\\framework\\src\\Illuminate\\Pipeline\\Pipeline.php(167): Illuminate\\Foundation\\Http\\Middleware\\ValidatePostSize->handle(Object(Illuminate\\Http\\Request), Object(Closure))
#32 C:\\projects\\My Projects\\MightyTaxiSourceCode\\Backend + Website Code\\Taxi realease\\vendor\\laravel\\framework\\src\\Illuminate\\Foundation\\Http\\Middleware\\PreventRequestsDuringMaintenance.php(86): Illuminate\\Pipeline\\Pipeline->Illuminate\\Pipeline\\{closure}(Object(Illuminate\\Http\\Request))
#33 C:\\projects\\My Projects\\MightyTaxiSourceCode\\Backend + Website Code\\Taxi realease\\vendor\\laravel\\framework\\src\\Illuminate\\Pipeline\\Pipeline.php(167): Illuminate\\Foundation\\Http\\Middleware\\PreventRequestsDuringMaintenance->handle(Object(Illuminate\\Http\\Request), Object(Closure))
#34 C:\\projects\\My Projects\\MightyTaxiSourceCode\\Backend + Website Code\\Taxi realease\\vendor\\fruitcake\\laravel-cors\\src\\HandleCors.php(38): Illuminate\\Pipeline\\Pipeline->Illuminate\\Pipeline\\{closure}(Object(Illuminate\\Http\\Request))
#35 C:\\projects\\My Projects\\MightyTaxiSourceCode\\Backend + Website Code\\Taxi realease\\vendor\\laravel\\framework\\src\\Illuminate\\Pipeline\\Pipeline.php(167): Fruitcake\\Cors\\HandleCors->handle(Object(Illuminate\\Http\\Request), Object(Closure))
#36 C:\\projects\\My Projects\\MightyTaxiSourceCode\\Backend + Website Code\\Taxi realease\\vendor\\laravel\\framework\\src\\Illuminate\\Http\\Middleware\\TrustProxies.php(39): Illuminate\\Pipeline\\Pipeline->Illuminate\\Pipeline\\{closure}(Object(Illuminate\\Http\\Request))
#37 C:\\projects\\My Projects\\MightyTaxiSourceCode\\Backend + Website Code\\Taxi realease\\vendor\\laravel\\framework\\src\\Illuminate\\Pipeline\\Pipeline.php(167): Illuminate\\Http\\Middleware\\TrustProxies->handle(Object(Illuminate\\Http\\Request), Object(Closure))
#38 C:\\projects\\My Projects\\MightyTaxiSourceCode\\Backend + Website Code\\Taxi realease\\vendor\\laravel\\framework\\src\\Illuminate\\Pipeline\\Pipeline.php(103): Illuminate\\Pipeline\\Pipeline->Illuminate\\Pipeline\\{closure}(Object(Illuminate\\Http\\Request))
#39 C:\\projects\\My Projects\\MightyTaxiSourceCode\\Backend + Website Code\\Taxi realease\\vendor\\laravel\\framework\\src\\Illuminate\\Foundation\\Http\\Kernel.php(142): Illuminate\\Pipeline\\Pipeline->then(Object(Closure))
#40 C:\\projects\\My Projects\\MightyTaxiSourceCode\\Backend + Website Code\\Taxi realease\\vendor\\laravel\\framework\\src\\Illuminate\\Foundation\\Http\\Kernel.php(111): Illuminate\\Foundation\\Http\\Kernel->sendRequestThroughRouter(Object(Illuminate\\Http\\Request))
#41 C:\\projects\\My Projects\\MightyTaxiSourceCode\\Backend + Website Code\\Taxi realease\\public\\index.php(52): Illuminate\\Foundation\\Http\\Kernel->handle(Object(Illuminate\\Http\\Request))
#42 C:\\projects\\My Projects\\MightyTaxiSourceCode\\Backend + Website Code\\Taxi realease\\server.php(21): require_once('C:\\\\projects\\\\My ...')
#43 {main}
"} 
[2024-09-21 20:07:54] local.ERROR: No application encryption key has been specified. {"exception":"[object] (Illuminate\\Encryption\\MissingAppKeyException(code: 0): No application encryption key has been specified. at C:\\projects\\My Projects\\MightyTaxiSourceCode\\Backend + Website Code\\Taxi realease\\vendor\\laravel\\framework\\src\\Illuminate\\Encryption\\EncryptionServiceProvider.php:101)
[stacktrace]
#0 C:\\projects\\My Projects\\MightyTaxiSourceCode\\Backend + Website Code\\Taxi realease\\vendor\\laravel\\framework\\src\\Illuminate\\Support\\helpers.php(263): Illuminate\\Encryption\\EncryptionServiceProvider->Illuminate\\Encryption\\{closure}('')
#1 C:\\projects\\My Projects\\MightyTaxiSourceCode\\Backend + Website Code\\Taxi realease\\vendor\\laravel\\framework\\src\\Illuminate\\Encryption\\EncryptionServiceProvider.php(103): tap('', Object(Closure))
#2 C:\\projects\\My Projects\\MightyTaxiSourceCode\\Backend + Website Code\\Taxi realease\\vendor\\laravel\\framework\\src\\Illuminate\\Encryption\\EncryptionServiceProvider.php(82): Illuminate\\Encryption\\EncryptionServiceProvider->key(Array)
#3 C:\\projects\\My Projects\\MightyTaxiSourceCode\\Backend + Website Code\\Taxi realease\\vendor\\laravel\\framework\\src\\Illuminate\\Encryption\\EncryptionServiceProvider.php(34): Illuminate\\Encryption\\EncryptionServiceProvider->parseKey(Array)
#4 C:\\projects\\My Projects\\MightyTaxiSourceCode\\Backend + Website Code\\Taxi realease\\vendor\\laravel\\framework\\src\\Illuminate\\Container\\Container.php(873): Illuminate\\Encryption\\EncryptionServiceProvider->Illuminate\\Encryption\\{closure}(Object(Illuminate\\Foundation\\Application), Array)
#5 C:\\projects\\My Projects\\MightyTaxiSourceCode\\Backend + Website Code\\Taxi realease\\vendor\\laravel\\framework\\src\\Illuminate\\Container\\Container.php(758): Illuminate\\Container\\Container->build(Object(Closure))
#6 C:\\projects\\My Projects\\MightyTaxiSourceCode\\Backend + Website Code\\Taxi realease\\vendor\\laravel\\framework\\src\\Illuminate\\Foundation\\Application.php(851): Illuminate\\Container\\Container->resolve('encrypter', Array, true)
#7 C:\\projects\\My Projects\\MightyTaxiSourceCode\\Backend + Website Code\\Taxi realease\\vendor\\laravel\\framework\\src\\Illuminate\\Container\\Container.php(694): Illuminate\\Foundation\\Application->resolve('encrypter', Array)
#8 C:\\projects\\My Projects\\MightyTaxiSourceCode\\Backend + Website Code\\Taxi realease\\vendor\\laravel\\framework\\src\\Illuminate\\Foundation\\Application.php(836): Illuminate\\Container\\Container->make('encrypter', Array)
#9 C:\\projects\\My Projects\\MightyTaxiSourceCode\\Backend + Website Code\\Taxi realease\\vendor\\laravel\\framework\\src\\Illuminate\\Container\\Container.php(1027): Illuminate\\Foundation\\Application->make('encrypter')
#10 C:\\projects\\My Projects\\MightyTaxiSourceCode\\Backend + Website Code\\Taxi realease\\vendor\\laravel\\framework\\src\\Illuminate\\Container\\Container.php(947): Illuminate\\Container\\Container->resolveClass(Object(ReflectionParameter))
#11 C:\\projects\\My Projects\\MightyTaxiSourceCode\\Backend + Website Code\\Taxi realease\\vendor\\laravel\\framework\\src\\Illuminate\\Container\\Container.php(908): Illuminate\\Container\\Container->resolveDependencies(Array)
#12 C:\\projects\\My Projects\\MightyTaxiSourceCode\\Backend + Website Code\\Taxi realease\\vendor\\laravel\\framework\\src\\Illuminate\\Container\\Container.php(758): Illuminate\\Container\\Container->build('App\\\\Http\\\\Middle...')
#13 C:\\projects\\My Projects\\MightyTaxiSourceCode\\Backend + Website Code\\Taxi realease\\vendor\\laravel\\framework\\src\\Illuminate\\Foundation\\Application.php(851): Illuminate\\Container\\Container->resolve('App\\\\Http\\\\Middle...', Array, true)
#14 C:\\projects\\My Projects\\MightyTaxiSourceCode\\Backend + Website Code\\Taxi realease\\vendor\\laravel\\framework\\src\\Illuminate\\Container\\Container.php(694): Illuminate\\Foundation\\Application->resolve('App\\\\Http\\\\Middle...', Array)
#15 C:\\projects\\My Projects\\MightyTaxiSourceCode\\Backend + Website Code\\Taxi realease\\vendor\\laravel\\framework\\src\\Illuminate\\Foundation\\Application.php(836): Illuminate\\Container\\Container->make('App\\\\Http\\\\Middle...', Array)
#16 C:\\projects\\My Projects\\MightyTaxiSourceCode\\Backend + Website Code\\Taxi realease\\vendor\\laravel\\framework\\src\\Illuminate\\Foundation\\Http\\Kernel.php(206): Illuminate\\Foundation\\Application->make('App\\\\Http\\\\Middle...')
#17 C:\\projects\\My Projects\\MightyTaxiSourceCode\\Backend + Website Code\\Taxi realease\\vendor\\laravel\\framework\\src\\Illuminate\\Foundation\\Http\\Kernel.php(180): Illuminate\\Foundation\\Http\\Kernel->terminateMiddleware(Object(Illuminate\\Http\\Request), Object(Illuminate\\Http\\Response))
#18 C:\\projects\\My Projects\\MightyTaxiSourceCode\\Backend + Website Code\\Taxi realease\\public\\index.php(55): Illuminate\\Foundation\\Http\\Kernel->terminate(Object(Illuminate\\Http\\Request), Object(Illuminate\\Http\\Response))
#19 C:\\projects\\My Projects\\MightyTaxiSourceCode\\Backend + Website Code\\Taxi realease\\server.php(21): require_once('C:\\\\projects\\\\My ...')
#20 {main}
"} 
[2024-09-21 20:09:06] local.ERROR: SQLSTATE[42S02]: Base table or view not found: 1146 Table 'mightytaxi.frontend_data' doesn't exist (SQL: select * from `frontend_data` where `type` = our_mission) {"exception":"[object] (Illuminate\\Database\\QueryException(code: 42S02): SQLSTATE[42S02]: Base table or view not found: 1146 Table 'mightytaxi.frontend_data' doesn't exist (SQL: select * from `frontend_data` where `type` = our_mission) at C:\\projects\\My Projects\\MightyTaxiSourceCode\\Backend + Website Code\\Taxi realease\\vendor\\laravel\\framework\\src\\Illuminate\\Database\\Connection.php:712)
[stacktrace]
#0 C:\\projects\\My Projects\\MightyTaxiSourceCode\\Backend + Website Code\\Taxi realease\\vendor\\laravel\\framework\\src\\Illuminate\\Database\\Connection.php(672): Illuminate\\Database\\Connection->runQueryCallback('select * from `...', Array, Object(Closure))
#1 C:\\projects\\My Projects\\MightyTaxiSourceCode\\Backend + Website Code\\Taxi realease\\vendor\\laravel\\framework\\src\\Illuminate\\Database\\Connection.php(376): Illuminate\\Database\\Connection->run('select * from `...', Array, Object(Closure))
#2 C:\\projects\\My Projects\\MightyTaxiSourceCode\\Backend + Website Code\\Taxi realease\\vendor\\laravel\\framework\\src\\Illuminate\\Database\\Query\\Builder.php(2414): Illuminate\\Database\\Connection->select('select * from `...', Array, true)
#3 C:\\projects\\My Projects\\MightyTaxiSourceCode\\Backend + Website Code\\Taxi realease\\vendor\\laravel\\framework\\src\\Illuminate\\Database\\Query\\Builder.php(2402): Illuminate\\Database\\Query\\Builder->runSelect()
#4 C:\\projects\\My Projects\\MightyTaxiSourceCode\\Backend + Website Code\\Taxi realease\\vendor\\laravel\\framework\\src\\Illuminate\\Database\\Query\\Builder.php(2936): Illuminate\\Database\\Query\\Builder->Illuminate\\Database\\Query\\{closure}()
#5 C:\\projects\\My Projects\\MightyTaxiSourceCode\\Backend + Website Code\\Taxi realease\\vendor\\laravel\\framework\\src\\Illuminate\\Database\\Query\\Builder.php(2403): Illuminate\\Database\\Query\\Builder->onceWithColumns(Array, Object(Closure))
#6 C:\\projects\\My Projects\\MightyTaxiSourceCode\\Backend + Website Code\\Taxi realease\\vendor\\laravel\\framework\\src\\Illuminate\\Database\\Eloquent\\Builder.php(625): Illuminate\\Database\\Query\\Builder->get(Array)
#7 C:\\projects\\My Projects\\MightyTaxiSourceCode\\Backend + Website Code\\Taxi realease\\vendor\\laravel\\framework\\src\\Illuminate\\Database\\Eloquent\\Builder.php(609): Illuminate\\Database\\Eloquent\\Builder->getModels(Array)
#8 C:\\projects\\My Projects\\MightyTaxiSourceCode\\Backend + Website Code\\Taxi realease\\app\\Http\\Controllers\\Frontendwebsite\\FrontendController.php(53): Illuminate\\Database\\Eloquent\\Builder->get()
#9 C:\\projects\\My Projects\\MightyTaxiSourceCode\\Backend + Website Code\\Taxi realease\\vendor\\laravel\\framework\\src\\Illuminate\\Routing\\Controller.php(54): App\\Http\\Controllers\\Frontendwebsite\\FrontendController->index()
#10 C:\\projects\\My Projects\\MightyTaxiSourceCode\\Backend + Website Code\\Taxi realease\\vendor\\laravel\\framework\\src\\Illuminate\\Routing\\ControllerDispatcher.php(45): Illuminate\\Routing\\Controller->callAction('index', Array)
#11 C:\\projects\\My Projects\\MightyTaxiSourceCode\\Backend + Website Code\\Taxi realease\\vendor\\laravel\\framework\\src\\Illuminate\\Routing\\Route.php(262): Illuminate\\Routing\\ControllerDispatcher->dispatch(Object(Illuminate\\Routing\\Route), Object(App\\Http\\Controllers\\Frontendwebsite\\FrontendController), 'index')
#12 C:\\projects\\My Projects\\MightyTaxiSourceCode\\Backend + Website Code\\Taxi realease\\vendor\\laravel\\framework\\src\\Illuminate\\Routing\\Route.php(205): Illuminate\\Routing\\Route->runController()
#13 C:\\projects\\My Projects\\MightyTaxiSourceCode\\Backend + Website Code\\Taxi realease\\vendor\\laravel\\framework\\src\\Illuminate\\Routing\\Router.php(721): Illuminate\\Routing\\Route->run()
#14 C:\\projects\\My Projects\\MightyTaxiSourceCode\\Backend + Website Code\\Taxi realease\\vendor\\laravel\\framework\\src\\Illuminate\\Pipeline\\Pipeline.php(128): Illuminate\\Routing\\Router->Illuminate\\Routing\\{closure}(Object(Illuminate\\Http\\Request))
#15 C:\\projects\\My Projects\\MightyTaxiSourceCode\\Backend + Website Code\\Taxi realease\\app\\Http\\Middleware\\LanguageTranslator.php(15): Illuminate\\Pipeline\\Pipeline->Illuminate\\Pipeline\\{closure}(Object(Illuminate\\Http\\Request))
#16 C:\\projects\\My Projects\\MightyTaxiSourceCode\\Backend + Website Code\\Taxi realease\\vendor\\laravel\\framework\\src\\Illuminate\\Pipeline\\Pipeline.php(167): App\\Http\\Middleware\\LanguageTranslator->handle(Object(Illuminate\\Http\\Request), Object(Closure))
#17 C:\\projects\\My Projects\\MightyTaxiSourceCode\\Backend + Website Code\\Taxi realease\\vendor\\laravel\\framework\\src\\Illuminate\\Routing\\Middleware\\SubstituteBindings.php(50): Illuminate\\Pipeline\\Pipeline->Illuminate\\Pipeline\\{closure}(Object(Illuminate\\Http\\Request))
#18 C:\\projects\\My Projects\\MightyTaxiSourceCode\\Backend + Website Code\\Taxi realease\\vendor\\laravel\\framework\\src\\Illuminate\\Pipeline\\Pipeline.php(167): Illuminate\\Routing\\Middleware\\SubstituteBindings->handle(Object(Illuminate\\Http\\Request), Object(Closure))
#19 C:\\projects\\My Projects\\MightyTaxiSourceCode\\Backend + Website Code\\Taxi realease\\vendor\\laravel\\framework\\src\\Illuminate\\Foundation\\Http\\Middleware\\VerifyCsrfToken.php(78): Illuminate\\Pipeline\\Pipeline->Illuminate\\Pipeline\\{closure}(Object(Illuminate\\Http\\Request))
#20 C:\\projects\\My Projects\\MightyTaxiSourceCode\\Backend + Website Code\\Taxi realease\\vendor\\laravel\\framework\\src\\Illuminate\\Pipeline\\Pipeline.php(167): Illuminate\\Foundation\\Http\\Middleware\\VerifyCsrfToken->handle(Object(Illuminate\\Http\\Request), Object(Closure))
#21 C:\\projects\\My Projects\\MightyTaxiSourceCode\\Backend + Website Code\\Taxi realease\\vendor\\laravel\\framework\\src\\Illuminate\\View\\Middleware\\ShareErrorsFromSession.php(49): Illuminate\\Pipeline\\Pipeline->Illuminate\\Pipeline\\{closure}(Object(Illuminate\\Http\\Request))
#22 C:\\projects\\My Projects\\MightyTaxiSourceCode\\Backend + Website Code\\Taxi realease\\vendor\\laravel\\framework\\src\\Illuminate\\Pipeline\\Pipeline.php(167): Illuminate\\View\\Middleware\\ShareErrorsFromSession->handle(Object(Illuminate\\Http\\Request), Object(Closure))
#23 C:\\projects\\My Projects\\MightyTaxiSourceCode\\Backend + Website Code\\Taxi realease\\vendor\\laravel\\framework\\src\\Illuminate\\Session\\Middleware\\StartSession.php(121): Illuminate\\Pipeline\\Pipeline->Illuminate\\Pipeline\\{closure}(Object(Illuminate\\Http\\Request))
#24 C:\\projects\\My Projects\\MightyTaxiSourceCode\\Backend + Website Code\\Taxi realease\\vendor\\laravel\\framework\\src\\Illuminate\\Session\\Middleware\\StartSession.php(64): Illuminate\\Session\\Middleware\\StartSession->handleStatefulRequest(Object(Illuminate\\Http\\Request), Object(Illuminate\\Session\\Store), Object(Closure))
#25 C:\\projects\\My Projects\\MightyTaxiSourceCode\\Backend + Website Code\\Taxi realease\\vendor\\laravel\\framework\\src\\Illuminate\\Pipeline\\Pipeline.php(167): Illuminate\\Session\\Middleware\\StartSession->handle(Object(Illuminate\\Http\\Request), Object(Closure))
#26 C:\\projects\\My Projects\\MightyTaxiSourceCode\\Backend + Website Code\\Taxi realease\\vendor\\laravel\\framework\\src\\Illuminate\\Cookie\\Middleware\\AddQueuedCookiesToResponse.php(37): Illuminate\\Pipeline\\Pipeline->Illuminate\\Pipeline\\{closure}(Object(Illuminate\\Http\\Request))
#27 C:\\projects\\My Projects\\MightyTaxiSourceCode\\Backend + Website Code\\Taxi realease\\vendor\\laravel\\framework\\src\\Illuminate\\Pipeline\\Pipeline.php(167): Illuminate\\Cookie\\Middleware\\AddQueuedCookiesToResponse->handle(Object(Illuminate\\Http\\Request), Object(Closure))
#28 C:\\projects\\My Projects\\MightyTaxiSourceCode\\Backend + Website Code\\Taxi realease\\vendor\\laravel\\framework\\src\\Illuminate\\Cookie\\Middleware\\EncryptCookies.php(67): Illuminate\\Pipeline\\Pipeline->Illuminate\\Pipeline\\{closure}(Object(Illuminate\\Http\\Request))
#29 C:\\projects\\My Projects\\MightyTaxiSourceCode\\Backend + Website Code\\Taxi realease\\vendor\\laravel\\framework\\src\\Illuminate\\Pipeline\\Pipeline.php(167): Illuminate\\Cookie\\Middleware\\EncryptCookies->handle(Object(Illuminate\\Http\\Request), Object(Closure))
#30 C:\\projects\\My Projects\\MightyTaxiSourceCode\\Backend + Website Code\\Taxi realease\\vendor\\laravel\\framework\\src\\Illuminate\\Pipeline\\Pipeline.php(103): Illuminate\\Pipeline\\Pipeline->Illuminate\\Pipeline\\{closure}(Object(Illuminate\\Http\\Request))
#31 C:\\projects\\My Projects\\MightyTaxiSourceCode\\Backend + Website Code\\Taxi realease\\vendor\\laravel\\framework\\src\\Illuminate\\Routing\\Router.php(723): Illuminate\\Pipeline\\Pipeline->then(Object(Closure))
#32 C:\\projects\\My Projects\\MightyTaxiSourceCode\\Backend + Website Code\\Taxi realease\\vendor\\laravel\\framework\\src\\Illuminate\\Routing\\Router.php(698): Illuminate\\Routing\\Router->runRouteWithinStack(Object(Illuminate\\Routing\\Route), Object(Illuminate\\Http\\Request))
#33 C:\\projects\\My Projects\\MightyTaxiSourceCode\\Backend + Website Code\\Taxi realease\\vendor\\laravel\\framework\\src\\Illuminate\\Routing\\Router.php(662): Illuminate\\Routing\\Router->runRoute(Object(Illuminate\\Http\\Request), Object(Illuminate\\Routing\\Route))
#34 C:\\projects\\My Projects\\MightyTaxiSourceCode\\Backend + Website Code\\Taxi realease\\vendor\\laravel\\framework\\src\\Illuminate\\Routing\\Router.php(651): Illuminate\\Routing\\Router->dispatchToRoute(Object(Illuminate\\Http\\Request))
#35 C:\\projects\\My Projects\\MightyTaxiSourceCode\\Backend + Website Code\\Taxi realease\\vendor\\laravel\\framework\\src\\Illuminate\\Foundation\\Http\\Kernel.php(167): Illuminate\\Routing\\Router->dispatch(Object(Illuminate\\Http\\Request))
#36 C:\\projects\\My Projects\\MightyTaxiSourceCode\\Backend + Website Code\\Taxi realease\\vendor\\laravel\\framework\\src\\Illuminate\\Pipeline\\Pipeline.php(128): Illuminate\\Foundation\\Http\\Kernel->Illuminate\\Foundation\\Http\\{closure}(Object(Illuminate\\Http\\Request))
#37 C:\\projects\\My Projects\\MightyTaxiSourceCode\\Backend + Website Code\\Taxi realease\\vendor\\laravel\\framework\\src\\Illuminate\\Foundation\\Http\\Middleware\\TransformsRequest.php(21): Illuminate\\Pipeline\\Pipeline->Illuminate\\Pipeline\\{closure}(Object(Illuminate\\Http\\Request))
#38 C:\\projects\\My Projects\\MightyTaxiSourceCode\\Backend + Website Code\\Taxi realease\\vendor\\laravel\\framework\\src\\Illuminate\\Foundation\\Http\\Middleware\\ConvertEmptyStringsToNull.php(31): Illuminate\\Foundation\\Http\\Middleware\\TransformsRequest->handle(Object(Illuminate\\Http\\Request), Object(Closure))
#39 C:\\projects\\My Projects\\MightyTaxiSourceCode\\Backend + Website Code\\Taxi realease\\vendor\\laravel\\framework\\src\\Illuminate\\Pipeline\\Pipeline.php(167): Illuminate\\Foundation\\Http\\Middleware\\ConvertEmptyStringsToNull->handle(Object(Illuminate\\Http\\Request), Object(Closure))
#40 C:\\projects\\My Projects\\MightyTaxiSourceCode\\Backend + Website Code\\Taxi realease\\vendor\\laravel\\framework\\src\\Illuminate\\Foundation\\Http\\Middleware\\TransformsRequest.php(21): Illuminate\\Pipeline\\Pipeline->Illuminate\\Pipeline\\{closure}(Object(Illuminate\\Http\\Request))
#41 C:\\projects\\My Projects\\MightyTaxiSourceCode\\Backend + Website Code\\Taxi realease\\vendor\\laravel\\framework\\src\\Illuminate\\Foundation\\Http\\Middleware\\TrimStrings.php(40): Illuminate\\Foundation\\Http\\Middleware\\TransformsRequest->handle(Object(Illuminate\\Http\\Request), Object(Closure))
#42 C:\\projects\\My Projects\\MightyTaxiSourceCode\\Backend + Website Code\\Taxi realease\\vendor\\laravel\\framework\\src\\Illuminate\\Pipeline\\Pipeline.php(167): Illuminate\\Foundation\\Http\\Middleware\\TrimStrings->handle(Object(Illuminate\\Http\\Request), Object(Closure))
#43 C:\\projects\\My Projects\\MightyTaxiSourceCode\\Backend + Website Code\\Taxi realease\\vendor\\laravel\\framework\\src\\Illuminate\\Foundation\\Http\\Middleware\\ValidatePostSize.php(27): Illuminate\\Pipeline\\Pipeline->Illuminate\\Pipeline\\{closure}(Object(Illuminate\\Http\\Request))
#44 C:\\projects\\My Projects\\MightyTaxiSourceCode\\Backend + Website Code\\Taxi realease\\vendor\\laravel\\framework\\src\\Illuminate\\Pipeline\\Pipeline.php(167): Illuminate\\Foundation\\Http\\Middleware\\ValidatePostSize->handle(Object(Illuminate\\Http\\Request), Object(Closure))
#45 C:\\projects\\My Projects\\MightyTaxiSourceCode\\Backend + Website Code\\Taxi realease\\vendor\\laravel\\framework\\src\\Illuminate\\Foundation\\Http\\Middleware\\PreventRequestsDuringMaintenance.php(86): Illuminate\\Pipeline\\Pipeline->Illuminate\\Pipeline\\{closure}(Object(Illuminate\\Http\\Request))
#46 C:\\projects\\My Projects\\MightyTaxiSourceCode\\Backend + Website Code\\Taxi realease\\vendor\\laravel\\framework\\src\\Illuminate\\Pipeline\\Pipeline.php(167): Illuminate\\Foundation\\Http\\Middleware\\PreventRequestsDuringMaintenance->handle(Object(Illuminate\\Http\\Request), Object(Closure))
#47 C:\\projects\\My Projects\\MightyTaxiSourceCode\\Backend + Website Code\\Taxi realease\\vendor\\fruitcake\\laravel-cors\\src\\HandleCors.php(38): Illuminate\\Pipeline\\Pipeline->Illuminate\\Pipeline\\{closure}(Object(Illuminate\\Http\\Request))
#48 C:\\projects\\My Projects\\MightyTaxiSourceCode\\Backend + Website Code\\Taxi realease\\vendor\\laravel\\framework\\src\\Illuminate\\Pipeline\\Pipeline.php(167): Fruitcake\\Cors\\HandleCors->handle(Object(Illuminate\\Http\\Request), Object(Closure))
#49 C:\\projects\\My Projects\\MightyTaxiSourceCode\\Backend + Website Code\\Taxi realease\\vendor\\laravel\\framework\\src\\Illuminate\\Http\\Middleware\\TrustProxies.php(39): Illuminate\\Pipeline\\Pipeline->Illuminate\\Pipeline\\{closure}(Object(Illuminate\\Http\\Request))
#50 C:\\projects\\My Projects\\MightyTaxiSourceCode\\Backend + Website Code\\Taxi realease\\vendor\\laravel\\framework\\src\\Illuminate\\Pipeline\\Pipeline.php(167): Illuminate\\Http\\Middleware\\TrustProxies->handle(Object(Illuminate\\Http\\Request), Object(Closure))
#51 C:\\projects\\My Projects\\MightyTaxiSourceCode\\Backend + Website Code\\Taxi realease\\vendor\\laravel\\framework\\src\\Illuminate\\Pipeline\\Pipeline.php(103): Illuminate\\Pipeline\\Pipeline->Illuminate\\Pipeline\\{closure}(Object(Illuminate\\Http\\Request))
#52 C:\\projects\\My Projects\\MightyTaxiSourceCode\\Backend + Website Code\\Taxi realease\\vendor\\laravel\\framework\\src\\Illuminate\\Foundation\\Http\\Kernel.php(142): Illuminate\\Pipeline\\Pipeline->then(Object(Closure))
#53 C:\\projects\\My Projects\\MightyTaxiSourceCode\\Backend + Website Code\\Taxi realease\\vendor\\laravel\\framework\\src\\Illuminate\\Foundation\\Http\\Kernel.php(111): Illuminate\\Foundation\\Http\\Kernel->sendRequestThroughRouter(Object(Illuminate\\Http\\Request))
#54 C:\\projects\\My Projects\\MightyTaxiSourceCode\\Backend + Website Code\\Taxi realease\\public\\index.php(52): Illuminate\\Foundation\\Http\\Kernel->handle(Object(Illuminate\\Http\\Request))
#55 C:\\projects\\My Projects\\MightyTaxiSourceCode\\Backend + Website Code\\Taxi realease\\server.php(21): require_once('C:\\\\projects\\\\My ...')
#56 {main}

[previous exception] [object] (PDOException(code: 42S02): SQLSTATE[42S02]: Base table or view not found: 1146 Table 'mightytaxi.frontend_data' doesn't exist at C:\\projects\\My Projects\\MightyTaxiSourceCode\\Backend + Website Code\\Taxi realease\\vendor\\laravel\\framework\\src\\Illuminate\\Database\\Connection.php:368)
[stacktrace]
#0 C:\\projects\\My Projects\\MightyTaxiSourceCode\\Backend + Website Code\\Taxi realease\\vendor\\laravel\\framework\\src\\Illuminate\\Database\\Connection.php(368): PDO->prepare('select * from `...')
#1 C:\\projects\\My Projects\\MightyTaxiSourceCode\\Backend + Website Code\\Taxi realease\\vendor\\laravel\\framework\\src\\Illuminate\\Database\\Connection.php(705): Illuminate\\Database\\Connection->Illuminate\\Database\\{closure}('select * from `...', Array)
#2 C:\\projects\\My Projects\\MightyTaxiSourceCode\\Backend + Website Code\\Taxi realease\\vendor\\laravel\\framework\\src\\Illuminate\\Database\\Connection.php(672): Illuminate\\Database\\Connection->runQueryCallback('select * from `...', Array, Object(Closure))
#3 C:\\projects\\My Projects\\MightyTaxiSourceCode\\Backend + Website Code\\Taxi realease\\vendor\\laravel\\framework\\src\\Illuminate\\Database\\Connection.php(376): Illuminate\\Database\\Connection->run('select * from `...', Array, Object(Closure))
#4 C:\\projects\\My Projects\\MightyTaxiSourceCode\\Backend + Website Code\\Taxi realease\\vendor\\laravel\\framework\\src\\Illuminate\\Database\\Query\\Builder.php(2414): Illuminate\\Database\\Connection->select('select * from `...', Array, true)
#5 C:\\projects\\My Projects\\MightyTaxiSourceCode\\Backend + Website Code\\Taxi realease\\vendor\\laravel\\framework\\src\\Illuminate\\Database\\Query\\Builder.php(2402): Illuminate\\Database\\Query\\Builder->runSelect()
#6 C:\\projects\\My Projects\\MightyTaxiSourceCode\\Backend + Website Code\\Taxi realease\\vendor\\laravel\\framework\\src\\Illuminate\\Database\\Query\\Builder.php(2936): Illuminate\\Database\\Query\\Builder->Illuminate\\Database\\Query\\{closure}()
#7 C:\\projects\\My Projects\\MightyTaxiSourceCode\\Backend + Website Code\\Taxi realease\\vendor\\laravel\\framework\\src\\Illuminate\\Database\\Query\\Builder.php(2403): Illuminate\\Database\\Query\\Builder->onceWithColumns(Array, Object(Closure))
#8 C:\\projects\\My Projects\\MightyTaxiSourceCode\\Backend + Website Code\\Taxi realease\\vendor\\laravel\\framework\\src\\Illuminate\\Database\\Eloquent\\Builder.php(625): Illuminate\\Database\\Query\\Builder->get(Array)
#9 C:\\projects\\My Projects\\MightyTaxiSourceCode\\Backend + Website Code\\Taxi realease\\vendor\\laravel\\framework\\src\\Illuminate\\Database\\Eloquent\\Builder.php(609): Illuminate\\Database\\Eloquent\\Builder->getModels(Array)
#10 C:\\projects\\My Projects\\MightyTaxiSourceCode\\Backend + Website Code\\Taxi realease\\app\\Http\\Controllers\\Frontendwebsite\\FrontendController.php(53): Illuminate\\Database\\Eloquent\\Builder->get()
#11 C:\\projects\\My Projects\\MightyTaxiSourceCode\\Backend + Website Code\\Taxi realease\\vendor\\laravel\\framework\\src\\Illuminate\\Routing\\Controller.php(54): App\\Http\\Controllers\\Frontendwebsite\\FrontendController->index()
#12 C:\\projects\\My Projects\\MightyTaxiSourceCode\\Backend + Website Code\\Taxi realease\\vendor\\laravel\\framework\\src\\Illuminate\\Routing\\ControllerDispatcher.php(45): Illuminate\\Routing\\Controller->callAction('index', Array)
#13 C:\\projects\\My Projects\\MightyTaxiSourceCode\\Backend + Website Code\\Taxi realease\\vendor\\laravel\\framework\\src\\Illuminate\\Routing\\Route.php(262): Illuminate\\Routing\\ControllerDispatcher->dispatch(Object(Illuminate\\Routing\\Route), Object(App\\Http\\Controllers\\Frontendwebsite\\FrontendController), 'index')
#14 C:\\projects\\My Projects\\MightyTaxiSourceCode\\Backend + Website Code\\Taxi realease\\vendor\\laravel\\framework\\src\\Illuminate\\Routing\\Route.php(205): Illuminate\\Routing\\Route->runController()
#15 C:\\projects\\My Projects\\MightyTaxiSourceCode\\Backend + Website Code\\Taxi realease\\vendor\\laravel\\framework\\src\\Illuminate\\Routing\\Router.php(721): Illuminate\\Routing\\Route->run()
#16 C:\\projects\\My Projects\\MightyTaxiSourceCode\\Backend + Website Code\\Taxi realease\\vendor\\laravel\\framework\\src\\Illuminate\\Pipeline\\Pipeline.php(128): Illuminate\\Routing\\Router->Illuminate\\Routing\\{closure}(Object(Illuminate\\Http\\Request))
#17 C:\\projects\\My Projects\\MightyTaxiSourceCode\\Backend + Website Code\\Taxi realease\\app\\Http\\Middleware\\LanguageTranslator.php(15): Illuminate\\Pipeline\\Pipeline->Illuminate\\Pipeline\\{closure}(Object(Illuminate\\Http\\Request))
#18 C:\\projects\\My Projects\\MightyTaxiSourceCode\\Backend + Website Code\\Taxi realease\\vendor\\laravel\\framework\\src\\Illuminate\\Pipeline\\Pipeline.php(167): App\\Http\\Middleware\\LanguageTranslator->handle(Object(Illuminate\\Http\\Request), Object(Closure))
#19 C:\\projects\\My Projects\\MightyTaxiSourceCode\\Backend + Website Code\\Taxi realease\\vendor\\laravel\\framework\\src\\Illuminate\\Routing\\Middleware\\SubstituteBindings.php(50): Illuminate\\Pipeline\\Pipeline->Illuminate\\Pipeline\\{closure}(Object(Illuminate\\Http\\Request))
#20 C:\\projects\\My Projects\\MightyTaxiSourceCode\\Backend + Website Code\\Taxi realease\\vendor\\laravel\\framework\\src\\Illuminate\\Pipeline\\Pipeline.php(167): Illuminate\\Routing\\Middleware\\SubstituteBindings->handle(Object(Illuminate\\Http\\Request), Object(Closure))
#21 C:\\projects\\My Projects\\MightyTaxiSourceCode\\Backend + Website Code\\Taxi realease\\vendor\\laravel\\framework\\src\\Illuminate\\Foundation\\Http\\Middleware\\VerifyCsrfToken.php(78): Illuminate\\Pipeline\\Pipeline->Illuminate\\Pipeline\\{closure}(Object(Illuminate\\Http\\Request))
#22 C:\\projects\\My Projects\\MightyTaxiSourceCode\\Backend + Website Code\\Taxi realease\\vendor\\laravel\\framework\\src\\Illuminate\\Pipeline\\Pipeline.php(167): Illuminate\\Foundation\\Http\\Middleware\\VerifyCsrfToken->handle(Object(Illuminate\\Http\\Request), Object(Closure))
#23 C:\\projects\\My Projects\\MightyTaxiSourceCode\\Backend + Website Code\\Taxi realease\\vendor\\laravel\\framework\\src\\Illuminate\\View\\Middleware\\ShareErrorsFromSession.php(49): Illuminate\\Pipeline\\Pipeline->Illuminate\\Pipeline\\{closure}(Object(Illuminate\\Http\\Request))
#24 C:\\projects\\My Projects\\MightyTaxiSourceCode\\Backend + Website Code\\Taxi realease\\vendor\\laravel\\framework\\src\\Illuminate\\Pipeline\\Pipeline.php(167): Illuminate\\View\\Middleware\\ShareErrorsFromSession->handle(Object(Illuminate\\Http\\Request), Object(Closure))
#25 C:\\projects\\My Projects\\MightyTaxiSourceCode\\Backend + Website Code\\Taxi realease\\vendor\\laravel\\framework\\src\\Illuminate\\Session\\Middleware\\StartSession.php(121): Illuminate\\Pipeline\\Pipeline->Illuminate\\Pipeline\\{closure}(Object(Illuminate\\Http\\Request))
#26 C:\\projects\\My Projects\\MightyTaxiSourceCode\\Backend + Website Code\\Taxi realease\\vendor\\laravel\\framework\\src\\Illuminate\\Session\\Middleware\\StartSession.php(64): Illuminate\\Session\\Middleware\\StartSession->handleStatefulRequest(Object(Illuminate\\Http\\Request), Object(Illuminate\\Session\\Store), Object(Closure))
#27 C:\\projects\\My Projects\\MightyTaxiSourceCode\\Backend + Website Code\\Taxi realease\\vendor\\laravel\\framework\\src\\Illuminate\\Pipeline\\Pipeline.php(167): Illuminate\\Session\\Middleware\\StartSession->handle(Object(Illuminate\\Http\\Request), Object(Closure))
#28 C:\\projects\\My Projects\\MightyTaxiSourceCode\\Backend + Website Code\\Taxi realease\\vendor\\laravel\\framework\\src\\Illuminate\\Cookie\\Middleware\\AddQueuedCookiesToResponse.php(37): Illuminate\\Pipeline\\Pipeline->Illuminate\\Pipeline\\{closure}(Object(Illuminate\\Http\\Request))
#29 C:\\projects\\My Projects\\MightyTaxiSourceCode\\Backend + Website Code\\Taxi realease\\vendor\\laravel\\framework\\src\\Illuminate\\Pipeline\\Pipeline.php(167): Illuminate\\Cookie\\Middleware\\AddQueuedCookiesToResponse->handle(Object(Illuminate\\Http\\Request), Object(Closure))
#30 C:\\projects\\My Projects\\MightyTaxiSourceCode\\Backend + Website Code\\Taxi realease\\vendor\\laravel\\framework\\src\\Illuminate\\Cookie\\Middleware\\EncryptCookies.php(67): Illuminate\\Pipeline\\Pipeline->Illuminate\\Pipeline\\{closure}(Object(Illuminate\\Http\\Request))
#31 C:\\projects\\My Projects\\MightyTaxiSourceCode\\Backend + Website Code\\Taxi realease\\vendor\\laravel\\framework\\src\\Illuminate\\Pipeline\\Pipeline.php(167): Illuminate\\Cookie\\Middleware\\EncryptCookies->handle(Object(Illuminate\\Http\\Request), Object(Closure))
#32 C:\\projects\\My Projects\\MightyTaxiSourceCode\\Backend + Website Code\\Taxi realease\\vendor\\laravel\\framework\\src\\Illuminate\\Pipeline\\Pipeline.php(103): Illuminate\\Pipeline\\Pipeline->Illuminate\\Pipeline\\{closure}(Object(Illuminate\\Http\\Request))
#33 C:\\projects\\My Projects\\MightyTaxiSourceCode\\Backend + Website Code\\Taxi realease\\vendor\\laravel\\framework\\src\\Illuminate\\Routing\\Router.php(723): Illuminate\\Pipeline\\Pipeline->then(Object(Closure))
#34 C:\\projects\\My Projects\\MightyTaxiSourceCode\\Backend + Website Code\\Taxi realease\\vendor\\laravel\\framework\\src\\Illuminate\\Routing\\Router.php(698): Illuminate\\Routing\\Router->runRouteWithinStack(Object(Illuminate\\Routing\\Route), Object(Illuminate\\Http\\Request))
#35 C:\\projects\\My Projects\\MightyTaxiSourceCode\\Backend + Website Code\\Taxi realease\\vendor\\laravel\\framework\\src\\Illuminate\\Routing\\Router.php(662): Illuminate\\Routing\\Router->runRoute(Object(Illuminate\\Http\\Request), Object(Illuminate\\Routing\\Route))
#36 C:\\projects\\My Projects\\MightyTaxiSourceCode\\Backend + Website Code\\Taxi realease\\vendor\\laravel\\framework\\src\\Illuminate\\Routing\\Router.php(651): Illuminate\\Routing\\Router->dispatchToRoute(Object(Illuminate\\Http\\Request))
#37 C:\\projects\\My Projects\\MightyTaxiSourceCode\\Backend + Website Code\\Taxi realease\\vendor\\laravel\\framework\\src\\Illuminate\\Foundation\\Http\\Kernel.php(167): Illuminate\\Routing\\Router->dispatch(Object(Illuminate\\Http\\Request))
#38 C:\\projects\\My Projects\\MightyTaxiSourceCode\\Backend + Website Code\\Taxi realease\\vendor\\laravel\\framework\\src\\Illuminate\\Pipeline\\Pipeline.php(128): Illuminate\\Foundation\\Http\\Kernel->Illuminate\\Foundation\\Http\\{closure}(Object(Illuminate\\Http\\Request))
#39 C:\\projects\\My Projects\\MightyTaxiSourceCode\\Backend + Website Code\\Taxi realease\\vendor\\laravel\\framework\\src\\Illuminate\\Foundation\\Http\\Middleware\\TransformsRequest.php(21): Illuminate\\Pipeline\\Pipeline->Illuminate\\Pipeline\\{closure}(Object(Illuminate\\Http\\Request))
#40 C:\\projects\\My Projects\\MightyTaxiSourceCode\\Backend + Website Code\\Taxi realease\\vendor\\laravel\\framework\\src\\Illuminate\\Foundation\\Http\\Middleware\\ConvertEmptyStringsToNull.php(31): Illuminate\\Foundation\\Http\\Middleware\\TransformsRequest->handle(Object(Illuminate\\Http\\Request), Object(Closure))
#41 C:\\projects\\My Projects\\MightyTaxiSourceCode\\Backend + Website Code\\Taxi realease\\vendor\\laravel\\framework\\src\\Illuminate\\Pipeline\\Pipeline.php(167): Illuminate\\Foundation\\Http\\Middleware\\ConvertEmptyStringsToNull->handle(Object(Illuminate\\Http\\Request), Object(Closure))
#42 C:\\projects\\My Projects\\MightyTaxiSourceCode\\Backend + Website Code\\Taxi realease\\vendor\\laravel\\framework\\src\\Illuminate\\Foundation\\Http\\Middleware\\TransformsRequest.php(21): Illuminate\\Pipeline\\Pipeline->Illuminate\\Pipeline\\{closure}(Object(Illuminate\\Http\\Request))
#43 C:\\projects\\My Projects\\MightyTaxiSourceCode\\Backend + Website Code\\Taxi realease\\vendor\\laravel\\framework\\src\\Illuminate\\Foundation\\Http\\Middleware\\TrimStrings.php(40): Illuminate\\Foundation\\Http\\Middleware\\TransformsRequest->handle(Object(Illuminate\\Http\\Request), Object(Closure))
#44 C:\\projects\\My Projects\\MightyTaxiSourceCode\\Backend + Website Code\\Taxi realease\\vendor\\laravel\\framework\\src\\Illuminate\\Pipeline\\Pipeline.php(167): Illuminate\\Foundation\\Http\\Middleware\\TrimStrings->handle(Object(Illuminate\\Http\\Request), Object(Closure))
#45 C:\\projects\\My Projects\\MightyTaxiSourceCode\\Backend + Website Code\\Taxi realease\\vendor\\laravel\\framework\\src\\Illuminate\\Foundation\\Http\\Middleware\\ValidatePostSize.php(27): Illuminate\\Pipeline\\Pipeline->Illuminate\\Pipeline\\{closure}(Object(Illuminate\\Http\\Request))
#46 C:\\projects\\My Projects\\MightyTaxiSourceCode\\Backend + Website Code\\Taxi realease\\vendor\\laravel\\framework\\src\\Illuminate\\Pipeline\\Pipeline.php(167): Illuminate\\Foundation\\Http\\Middleware\\ValidatePostSize->handle(Object(Illuminate\\Http\\Request), Object(Closure))
#47 C:\\projects\\My Projects\\MightyTaxiSourceCode\\Backend + Website Code\\Taxi realease\\vendor\\laravel\\framework\\src\\Illuminate\\Foundation\\Http\\Middleware\\PreventRequestsDuringMaintenance.php(86): Illuminate\\Pipeline\\Pipeline->Illuminate\\Pipeline\\{closure}(Object(Illuminate\\Http\\Request))
#48 C:\\projects\\My Projects\\MightyTaxiSourceCode\\Backend + Website Code\\Taxi realease\\vendor\\laravel\\framework\\src\\Illuminate\\Pipeline\\Pipeline.php(167): Illuminate\\Foundation\\Http\\Middleware\\PreventRequestsDuringMaintenance->handle(Object(Illuminate\\Http\\Request), Object(Closure))
#49 C:\\projects\\My Projects\\MightyTaxiSourceCode\\Backend + Website Code\\Taxi realease\\vendor\\fruitcake\\laravel-cors\\src\\HandleCors.php(38): Illuminate\\Pipeline\\Pipeline->Illuminate\\Pipeline\\{closure}(Object(Illuminate\\Http\\Request))
#50 C:\\projects\\My Projects\\MightyTaxiSourceCode\\Backend + Website Code\\Taxi realease\\vendor\\laravel\\framework\\src\\Illuminate\\Pipeline\\Pipeline.php(167): Fruitcake\\Cors\\HandleCors->handle(Object(Illuminate\\Http\\Request), Object(Closure))
#51 C:\\projects\\My Projects\\MightyTaxiSourceCode\\Backend + Website Code\\Taxi realease\\vendor\\laravel\\framework\\src\\Illuminate\\Http\\Middleware\\TrustProxies.php(39): Illuminate\\Pipeline\\Pipeline->Illuminate\\Pipeline\\{closure}(Object(Illuminate\\Http\\Request))
#52 C:\\projects\\My Projects\\MightyTaxiSourceCode\\Backend + Website Code\\Taxi realease\\vendor\\laravel\\framework\\src\\Illuminate\\Pipeline\\Pipeline.php(167): Illuminate\\Http\\Middleware\\TrustProxies->handle(Object(Illuminate\\Http\\Request), Object(Closure))
#53 C:\\projects\\My Projects\\MightyTaxiSourceCode\\Backend + Website Code\\Taxi realease\\vendor\\laravel\\framework\\src\\Illuminate\\Pipeline\\Pipeline.php(103): Illuminate\\Pipeline\\Pipeline->Illuminate\\Pipeline\\{closure}(Object(Illuminate\\Http\\Request))
#54 C:\\projects\\My Projects\\MightyTaxiSourceCode\\Backend + Website Code\\Taxi realease\\vendor\\laravel\\framework\\src\\Illuminate\\Foundation\\Http\\Kernel.php(142): Illuminate\\Pipeline\\Pipeline->then(Object(Closure))
#55 C:\\projects\\My Projects\\MightyTaxiSourceCode\\Backend + Website Code\\Taxi realease\\vendor\\laravel\\framework\\src\\Illuminate\\Foundation\\Http\\Kernel.php(111): Illuminate\\Foundation\\Http\\Kernel->sendRequestThroughRouter(Object(Illuminate\\Http\\Request))
#56 C:\\projects\\My Projects\\MightyTaxiSourceCode\\Backend + Website Code\\Taxi realease\\public\\index.php(52): Illuminate\\Foundation\\Http\\Kernel->handle(Object(Illuminate\\Http\\Request))
#57 C:\\projects\\My Projects\\MightyTaxiSourceCode\\Backend + Website Code\\Taxi realease\\server.php(21): require_once('C:\\\\projects\\\\My ...')
#58 {main}
"} 
